Start testing: May 03 23:02 CST
----------------------------------------------------------
1/5 Testing: TutorialRuns
1/5 Test: TutorialRuns
Command: "/Users/jinwei/cmake/cmake_tut/step4/Tutorial" "25"
Directory: /Users/jinwei/cmake/cmake_tut/step4
"TutorialRuns" start time: May 03 23:02 CST
Output:
----------------------------------------------------------
Computing sqrt of 25 to be 5 using log
The square root of 25 is 5
<end of output>
Test time =   0.01 sec
----------------------------------------------------------
Test Passed.
"TutorialRuns" end time: May 03 23:02 CST
"TutorialRuns" time elapsed: 00:00:00
----------------------------------------------------------

2/5 Testing: TutorialUsage
2/5 Test: TutorialUsage
Command: "/Users/jinwei/cmake/cmake_tut/step4/Tutorial"
Directory: /Users/jinwei/cmake/cmake_tut/step4
"TutorialUsage" start time: May 03 23:02 CST
Output:
----------------------------------------------------------
/Users/jinwei/cmake/cmake_tut/step4/Tutorial Version 1.0
Usage: /Users/jinwei/cmake/cmake_tut/step4/Tutorial number
<end of output>
Test time =   0.00 sec
----------------------------------------------------------
Test Pass Reason:
Required regular expression found.Regex=[Usage:.*number
]
"TutorialUsage" end time: May 03 23:02 CST
"TutorialUsage" time elapsed: 00:00:00
----------------------------------------------------------

3/5 Testing: TutorialComp25
3/5 Test: TutorialComp25
Command: "/Users/jinwei/cmake/cmake_tut/step4/Tutorial" "25"
Directory: /Users/jinwei/cmake/cmake_tut/step4
"TutorialComp25" start time: May 03 23:02 CST
Output:
----------------------------------------------------------
Computing sqrt of 25 to be 5 using log
The square root of 25 is 5
<end of output>
Test time =   0.00 sec
----------------------------------------------------------
Test Pass Reason:
Required regular expression found.Regex=[25 is 5
]
"TutorialComp25" end time: May 03 23:02 CST
"TutorialComp25" time elapsed: 00:00:00
----------------------------------------------------------

4/5 Testing: TutorialComp-25
4/5 Test: TutorialComp-25
Command: "/Users/jinwei/cmake/cmake_tut/step4/Tutorial" "-25"
Directory: /Users/jinwei/cmake/cmake_tut/step4
"TutorialComp-25" start time: May 03 23:02 CST
Output:
----------------------------------------------------------
The square root of -25 is 0
<end of output>
Test time =   0.00 sec
----------------------------------------------------------
Test Pass Reason:
Required regular expression found.Regex=[-25 is 0
]
"TutorialComp-25" end time: May 03 23:02 CST
"TutorialComp-25" time elapsed: 00:00:00
----------------------------------------------------------

5/5 Testing: TutorialComp0.0001
5/5 Test: TutorialComp0.0001
Command: "/Users/jinwei/cmake/cmake_tut/step4/Tutorial" "0.0001"
Directory: /Users/jinwei/cmake/cmake_tut/step4
"TutorialComp0.0001" start time: May 03 23:02 CST
Output:
----------------------------------------------------------
Computing sqrt of 0.0001 to be 0.01 using log
The square root of 0.0001 is 0.01
<end of output>
Test time =   0.00 sec
----------------------------------------------------------
Test Pass Reason:
Required regular expression found.Regex=[0.0001 is 0.01
]
"TutorialComp0.0001" end time: May 03 23:02 CST
"TutorialComp0.0001" time elapsed: 00:00:00
----------------------------------------------------------

End testing: May 03 23:02 CST
